 Warning: Only a single CPU will be used!

     Program TDDFPT_PP v.6.7MaX starts on 15Dec2023 at  1:54:54 

     This program is part of the open-source Quantum ESPRESSO suite
     for quantum simulation of materials; please cite
         "P. Giannozzi et al., J. Phys.:Condens. Matter 21 395502 (2009);
         "P. Giannozzi et al., J. Phys.:Condens. Matter 29 465901 (2017);
          URL http://www.quantum-espresso.org", 
     in publications or presentations arising from this work. More details at
     http://www.quantum-espresso.org/quote

     Parallel version (MPI), running on   150 processors

     MPI processes distributed on     1 nodes
     R & G space division:  proc/nbgrp/npool/nimage =     150

     Reading   3000 Lanczos steps for direction 1
       1500 steps will be considered


     Reading   3000 Lanczos steps for direction 2
       1500 steps will be considered


     Reading   3000 Lanczos steps for direction 3
       1500 steps will be considered


     Polarization direction:1
     Lanczos coefficients:
     Average =    25.64214595
     Average oscillation amplitude =     0.07347915

     Polarization direction:2
     Lanczos coefficients:
     Average =    25.64229072
     Average oscillation amplitude =     0.07789330

     Polarization direction:3
     Lanczos coefficients:
     Average =    25.64201234
     Average oscillation amplitude =     0.07683041

     Data ready, starting to calculate observables...

     Broadening =      0.00514490 Ry

     Output file name: 4amp.plot_chi.dat   

     Output file name for the oscillator strength S  4amp.plot_S.dat     

     chi_i_j: dipole polarizability tensor  in units of e^2*a_0^2/energy

     S: oscillator strength in units of 1/energy

     S(\hbar \omega) = 2m/( 3 \pi e^2 \hbar)  \omega sum_j chi_j_j

     S(\hbar \omega) satisfies the f-sum rule:  \int_0^\infty dE S(E) = N_el 

     Functions are reported in \hbar.\omega  Energy unit is (eV)

     TDDFPT_PP    :      4.28s CPU      4.31s WALL


   This run was terminated on:   1:54:58  15Dec2023            

=------------------------------------------------------------------------------=
   JOB DONE.
=------------------------------------------------------------------------------=
